{"numTotalTestSuites":2,"numPassedTestSuites":2,"numFailedTestSuites":0,"numPendingTestSuites":0,"numTotalTests":1,"numPassedTests":1,"numFailedTests":0,"numPendingTests":0,"numTodoTests":0,"snapshot":{"added":0,"failure":false,"filesAdded":0,"filesRemoved":0,"filesRemovedList":[],"filesUnmatched":0,"filesUpdated":0,"matched":0,"total":0,"unchecked":0,"uncheckedKeysByFile":[],"unmatched":0,"updated":0,"didUpdate":false},"startTime":1790168170512,"success":true,"testResults":[{"assertionResults":[{"ancestorTitles":["TC-P6-API-001 item lookup"],"fullName":"TC-P6-API-001 item lookup returns the expected ready item and saves redacted request/response evidence","status":"passed","title":"returns the expected ready item and saves redacted request/response evidence","duration":27.05310000000003,"failureMessages":[],"meta":{},"tags":[],"benchmarks":[]}],"startTime":1790168171040,"endTime":1790168171067.053,"status":"passed","message":"","name":"C:/Users/17381/Desktop/测试全流程skill/.phase6-forward/fresh-project/work/test-runs/PHASE6-FORWARD-001/scripts/api/TC-P6-API-001.test.ts"}]}