{"numTotalTestSuites":1,"numPassedTestSuites":1,"numFailedTestSuites":0,"numPendingTestSuites":0,"numTotalTests":1,"numPassedTests":1,"numFailedTests":0,"numPendingTests":0,"numTodoTests":0,"snapshot":{"added":0,"failure":false,"filesAdded":0,"filesRemoved":0,"filesRemovedList":[],"filesUnmatched":0,"filesUpdated":0,"matched":0,"total":0,"unchecked":0,"uncheckedKeysByFile":[],"unmatched":0,"updated":0,"didUpdate":false},"startTime":1790172111799,"success":true,"testResults":[{"assertionResults":[{"ancestorTitles":[],"fullName":"TC-P6-API-001 exact frozen item response","status":"passed","title":"TC-P6-API-001 exact frozen item response","duration":26.088600000000014,"failureMessages":[],"meta":{},"tags":[],"benchmarks":[]}],"startTime":1790172112030,"endTime":1790172112056.0886,"status":"passed","message":"","name":"C:/Users/17381/Desktop/测试全流程skill/.phase6-forward/fresh-project/work/test-runs/PHASE6-RUNTIME-003/scripts/api/B01/TC-P6-API-001.test.ts"}]}